Removed Pin From Net: NetName=VCC Pin=U?-1
Removed Pin From Net: NetName=GND Pin=U?-2
Removed Pin From Net: NetName=I2C0_SCL Pin=U?-3
Removed Pin From Net: NetName=I2C0_SDA Pin=U?-4
Removed Pin From Net: NetName=CCS811_WAK Pin=U?-5
Removed Pin From Net: NetName=NetR1_1 Pin=U?-7
Removed Pin From Net: NetName=NetR4_2 Pin=U?-8
Added Component: Designator=U?(CCS811)
Added Pin To Net: NetName=VCC Pin=U?-1
Added Pin To Net: NetName=GND Pin=U?-2
Added Pin To Net: NetName=I2C0_SCL Pin=U?-3
Added Pin To Net: NetName=+5V Pin=U?-4
Added Pin To Net: NetName=I2C0_SDA Pin=U?-4
Added Pin To Net: NetName=CCS811_WAK Pin=U?-5
Added Pin To Net: NetName=GND Pin=U?-7
Added Pin To Net: NetName=NetR1_1 Pin=U?-7
Added Pin To Net: NetName=NetR4_2 Pin=U?-8
Added Member To Class: ClassName=HAQuDa_schematic Member=Component C? 100nF
Added Member To Class: ClassName=HAQuDa_schematic Member=Component C? 100nF
Added Member To Class: ClassName=HAQuDa_schematic Member=Component U? CCS811
