Removed Pin From Net: NetName=VCC Pin=R1-2
Removed Pin From Net: NetName=I2C0_SDA Pin=R2-1
Removed Pin From Net: NetName=VCC Pin=R2-2
Removed Pin From Net: NetName=I2C0_SCL Pin=R3-1
Removed Pin From Net: NetName=GND Pin=R4-1
Removed Pin From Net: NetName=DHT11_Data Pin=R5-1
Removed Pin From Net: NetName=DHT11_Data Pin=R6-1
Removed Pin From Net: NetName=GND Pin=R6-2
Removed Pin From Net: NetName=NetQ1_1 Pin=R7-1
Removed Pin From Net: NetName=+5V Pin=R7-2
Removed Pin From Net: NetName=LED_DATA Pin=R8-1
Removed Pin From Net: NetName=NetQ1_2 Pin=R8-2
Removed Pin From Net: NetName=GND Pin=R9-1
Removed Pin From Net: NetName=SENSOR_I/O Pin=R9-2
Removed Pin From Net: NetName=UART_TX Pin=U3-17
Removed Pin From Net: NetName=UART_RX Pin=U3-20
Removed Pin From Net: NetName=O3Serial_Tx Pin=U3-34
Removed Pin From Net: NetName=GND Pin=U4-4
Change Component Footprint: Designator=R1 Old Footprint=RESC1609X50X30NL8T20 New Footprint=RESC2013X50X30LL20T20
Change Component Footprint: Designator=R2 Old Footprint=RESC1609X50X30NL8T20 New Footprint=RESC2013X50X30LL20T20
Change Component Footprint: Designator=R3 Old Footprint=RESC1609X50X30NL8T20 New Footprint=RESC2013X50X30LL20T20
Change Component Footprint: Designator=R4 Old Footprint=RESC1609X50X30NL8T20 New Footprint=RESC2013X50X30LL20T20
Change Component Footprint: Designator=R5 Old Footprint=RESC1609X50X30NL8T20 New Footprint=RESC2013X50X30LL20T20
Change Component Footprint: Designator=R6 Old Footprint=RESC1609X50X30NL8T20 New Footprint=RESC2013X50X30LL20T20
Change Component Footprint: Designator=R7 Old Footprint=RESC1609X50X30NL8T20 New Footprint=RESC2013X50X30LL20T20
Change Component Footprint: Designator=R8 Old Footprint=RESC1609X50X30NL8T20 New Footprint=RESC2013X50X30LL20T20
Change Component Footprint: Designator=R9 Old Footprint=RESC1609X50X30NL8T20 New Footprint=RESC2013X50X30LL20T20
Change Component Comment : Designator=R8 Old Comment=1K New Comment=4.7K
Change Component Comment : Designator=R5 Old Comment=2.2K New Comment=1K
Change Component Comment : Designator=R7 Old Comment=4.7K New Comment=2.2K
Change Component Comment : Designator=R9 Old Comment=4.7K New Comment=12K
Change Managed Component Library Link : Designator=R1 Old VaultGUID=B7D15EC3-160A-466F-A46C-7801FE6295A7 New VaultGUID=B7D15EC3-160A-466F-A46C-7801FE6295A7 Old ItemGUID=551734C3-16EC-4BD7-8D85-5B10B8CBD415 New ItemGUID=78462138-499A-4A0D-A527-3027AB8F838F Old RevisionGUID=1DB6CF49-9290-4327-A718-A014B742E20F New RevisionGUID=B8426C4C-D616-46EA-83DD-42D624EF6A27
Change Managed Component Library Link : Designator=R2 Old VaultGUID=B7D15EC3-160A-466F-A46C-7801FE6295A7 New VaultGUID=B7D15EC3-160A-466F-A46C-7801FE6295A7 Old ItemGUID=551734C3-16EC-4BD7-8D85-5B10B8CBD415 New ItemGUID=78462138-499A-4A0D-A527-3027AB8F838F Old RevisionGUID=1DB6CF49-9290-4327-A718-A014B742E20F New RevisionGUID=B8426C4C-D616-46EA-83DD-42D624EF6A27
Change Managed Component Library Link : Designator=R3 Old VaultGUID=B7D15EC3-160A-466F-A46C-7801FE6295A7 New VaultGUID=B7D15EC3-160A-466F-A46C-7801FE6295A7 Old ItemGUID=551734C3-16EC-4BD7-8D85-5B10B8CBD415 New ItemGUID=78462138-499A-4A0D-A527-3027AB8F838F Old RevisionGUID=1DB6CF49-9290-4327-A718-A014B742E20F New RevisionGUID=B8426C4C-D616-46EA-83DD-42D624EF6A27
Change Managed Component Library Link : Designator=R4 Old VaultGUID=B7D15EC3-160A-466F-A46C-7801FE6295A7 New VaultGUID=B7D15EC3-160A-466F-A46C-7801FE6295A7 Old ItemGUID=551734C3-16EC-4BD7-8D85-5B10B8CBD415 New ItemGUID=78462138-499A-4A0D-A527-3027AB8F838F Old RevisionGUID=1DB6CF49-9290-4327-A718-A014B742E20F New RevisionGUID=B8426C4C-D616-46EA-83DD-42D624EF6A27
Change Managed Component Library Link : Designator=R5 Old VaultGUID=B7D15EC3-160A-466F-A46C-7801FE6295A7 New VaultGUID=B7D15EC3-160A-466F-A46C-7801FE6295A7 Old ItemGUID=551734C3-16EC-4BD7-8D85-5B10B8CBD415 New ItemGUID=78462138-499A-4A0D-A527-3027AB8F838F Old RevisionGUID=1DB6CF49-9290-4327-A718-A014B742E20F New RevisionGUID=B8426C4C-D616-46EA-83DD-42D624EF6A27
Change Managed Component Library Link : Designator=R6 Old VaultGUID=B7D15EC3-160A-466F-A46C-7801FE6295A7 New VaultGUID=B7D15EC3-160A-466F-A46C-7801FE6295A7 Old ItemGUID=551734C3-16EC-4BD7-8D85-5B10B8CBD415 New ItemGUID=78462138-499A-4A0D-A527-3027AB8F838F Old RevisionGUID=1DB6CF49-9290-4327-A718-A014B742E20F New RevisionGUID=B8426C4C-D616-46EA-83DD-42D624EF6A27
Change Managed Component Library Link : Designator=R7 Old VaultGUID=B7D15EC3-160A-466F-A46C-7801FE6295A7 New VaultGUID=B7D15EC3-160A-466F-A46C-7801FE6295A7 Old ItemGUID=551734C3-16EC-4BD7-8D85-5B10B8CBD415 New ItemGUID=78462138-499A-4A0D-A527-3027AB8F838F Old RevisionGUID=1DB6CF49-9290-4327-A718-A014B742E20F New RevisionGUID=B8426C4C-D616-46EA-83DD-42D624EF6A27
Change Managed Component Library Link : Designator=R8 Old VaultGUID=B7D15EC3-160A-466F-A46C-7801FE6295A7 New VaultGUID=B7D15EC3-160A-466F-A46C-7801FE6295A7 Old ItemGUID=551734C3-16EC-4BD7-8D85-5B10B8CBD415 New ItemGUID=78462138-499A-4A0D-A527-3027AB8F838F Old RevisionGUID=1DB6CF49-9290-4327-A718-A014B742E20F New RevisionGUID=B8426C4C-D616-46EA-83DD-42D624EF6A27
Change Managed Component Library Link : Designator=R9 Old VaultGUID=B7D15EC3-160A-466F-A46C-7801FE6295A7 New VaultGUID=B7D15EC3-160A-466F-A46C-7801FE6295A7 Old ItemGUID=551734C3-16EC-4BD7-8D85-5B10B8CBD415 New ItemGUID=78462138-499A-4A0D-A527-3027AB8F838F Old RevisionGUID=1DB6CF49-9290-4327-A718-A014B742E20F New RevisionGUID=B8426C4C-D616-46EA-83DD-42D624EF6A27
Change component parameters: Designator = "R1" ("R1"); Footprint = "RESC1609X50X30NL8T20"; UniqueID = "\TQPWPDYN" ("\TQPWPDYN")
Change component parameters (AddParameter): Name = "Manufacturer"; Value = "Vishay Dale"; VariantName = "[No Variations]"
Change component parameters (AddParameter): Name = "Part Number"; Value = "CRCW08050000Z0EA"; VariantName = "[No Variations]"
Change component parameters: Designator = "R2" ("R2"); Footprint = "RESC1609X50X30NL8T20"; UniqueID = "\RGCTOMQC" ("\RGCTOMQC")
Change component parameters (AddParameter): Name = "Manufacturer"; Value = "Vishay Dale"; VariantName = "[No Variations]"
Change component parameters (AddParameter): Name = "Part Number"; Value = "CRCW08050000Z0EA"; VariantName = "[No Variations]"
Change component parameters: Designator = "R3" ("R3"); Footprint = "RESC1609X50X30NL8T20"; UniqueID = "\QDAMOPOV" ("\QDAMOPOV")
Change component parameters (AddParameter): Name = "Manufacturer"; Value = "Vishay Dale"; VariantName = "[No Variations]"
Change component parameters (AddParameter): Name = "Part Number"; Value = "CRCW08050000Z0EA"; VariantName = "[No Variations]"
Change component parameters: Designator = "R4" ("R4"); Footprint = "RESC1609X50X30NL8T20"; UniqueID = "\JIDWUEIG" ("\JIDWUEIG")
Change component parameters (AddParameter): Name = "Manufacturer"; Value = "Vishay Dale"; VariantName = "[No Variations]"
Change component parameters (AddParameter): Name = "Part Number"; Value = "CRCW08050000Z0EA"; VariantName = "[No Variations]"
Change component parameters: Designator = "R5" ("R5"); Footprint = "RESC1609X50X30NL8T20"; UniqueID = "\JXNRFIMR" ("\JXNRFIMR")
Change component parameters (AddParameter): Name = "Manufacturer"; Value = "Vishay Dale"; VariantName = "[No Variations]"
Change component parameters (AddParameter): Name = "Part Number"; Value = "CRCW08050000Z0EA"; VariantName = "[No Variations]"
Change component parameters: Designator = "R6" ("R6"); Footprint = "RESC1609X50X30NL8T20"; UniqueID = "\KCVMKUFJ" ("\KCVMKUFJ")
Change component parameters (AddParameter): Name = "Manufacturer"; Value = "Vishay Dale"; VariantName = "[No Variations]"
Change component parameters (AddParameter): Name = "Part Number"; Value = "CRCW08050000Z0EA"; VariantName = "[No Variations]"
Change component parameters: Designator = "R7" ("R7"); Footprint = "RESC1609X50X30NL8T20"; UniqueID = "\YEQPBBCJ" ("\YEQPBBCJ")
Change component parameters (AddParameter): Name = "Manufacturer"; Value = "Vishay Dale"; VariantName = "[No Variations]"
Change component parameters (AddParameter): Name = "Part Number"; Value = "CRCW08050000Z0EA"; VariantName = "[No Variations]"
Change component parameters: Designator = "R8" ("R8"); Footprint = "RESC1609X50X30NL8T20"; UniqueID = "\BLUTGQWZ" ("\BLUTGQWZ")
Change component parameters (AddParameter): Name = "Manufacturer"; Value = "Vishay Dale"; VariantName = "[No Variations]"
Change component parameters (AddParameter): Name = "Part Number"; Value = "CRCW08050000Z0EA"; VariantName = "[No Variations]"
Change component parameters: Designator = "R9" ("R9"); Footprint = "RESC1609X50X30NL8T20"; UniqueID = "\FCBZDXYE" ("\FCBZDXYE")
Change component parameters (AddParameter): Name = "Manufacturer"; Value = "Vishay Dale"; VariantName = "[No Variations]"
Change component parameters (AddParameter): Name = "Part Number"; Value = "CRCW08050000Z0EA"; VariantName = "[No Variations]"
Added Component: Designator=Q2(ONSC-TO-92-3-29-11)
Add component (AddParameter): Name = "ComponentLink1Description"; Value = "Manufacturer URL"; VariantName = "[No Variations]"
Add component (AddParameter): Name = "ComponentLink1URL"; Value = "http://www.onsemi.com/"; VariantName = "[No Variations]"
Add component (AddParameter): Name = "ComponentLink2Description"; Value = "Datasheet"; VariantName = "[No Variations]"
Add component (AddParameter): Name = "ComponentLink2URL"; Value = "http://www.onsemi.com/pub_link/Collateral/BC546-D.PDF"; VariantName = "[No Variations]"
Add component (AddParameter): Name = "ComponentLink3Description"; Value = "Package Specification"; VariantName = "[No Variations]"
Add component (AddParameter): Name = "ComponentLink3URL"; Value = "http://www.onsemi.cn/pub_link/Collateral/2N6426-D.PDF"; VariantName = "[No Variations]"
Add component (AddParameter): Name = "DatasheetVersion"; Value = "Rev. 7"; VariantName = "[No Variations]"
Add component (AddParameter): Name = "fT Min (MHz)"; Value = "150"; VariantName = "[No Variations]"
Add component (AddParameter): Name = "IC Continuous (A)"; Value = "0.1"; VariantName = "[No Variations]"
Add component (AddParameter): Name = "Manufacturer"; Value = "On Semiconductor"; VariantName = "[No Variations]"
Add component (AddParameter): Name = "Mounting Technology"; Value = "Through Hole"; VariantName = "[No Variations]"
Add component (AddParameter): Name = "PackageDescription"; Value = "3-Pin Transistor Outline, Body 4.825 x 3.685 mm, Pitch 1.27 mm"; VariantName = "[No Variations]"
Add component (AddParameter): Name = "PackageReference"; Value = "TO-92-3-29-11_AM_SL"; VariantName = "[No Variations]"
Add component (AddParameter): Name = "PackageVersion"; Value = "Rev. AM"; VariantName = "[No Variations]"
Add component (AddParameter): Name = "Packing"; Value = "Bulk Box"; VariantName = "[No Variations]"
Add component (AddParameter): Name = "PartNumber"; Value = "BC547B"; VariantName = "[No Variations]"
Add component (AddParameter): Name = "Polarity"; Value = "NPN"; VariantName = "[No Variations]"
Add component (AddParameter): Name = "RoHS"; Value = "FALSE"; VariantName = "[No Variations]"
Added Component: Designator=Q3(ONSC-TO-92-3-29-11)
Add component (AddParameter): Name = "ComponentLink1Description"; Value = "Manufacturer URL"; VariantName = "[No Variations]"
Add component (AddParameter): Name = "ComponentLink1URL"; Value = "http://www.onsemi.com/"; VariantName = "[No Variations]"
Add component (AddParameter): Name = "ComponentLink2Description"; Value = "Datasheet"; VariantName = "[No Variations]"
Add component (AddParameter): Name = "ComponentLink2URL"; Value = "http://www.onsemi.com/pub_link/Collateral/BC546-D.PDF"; VariantName = "[No Variations]"
Add component (AddParameter): Name = "ComponentLink3Description"; Value = "Package Specification"; VariantName = "[No Variations]"
Add component (AddParameter): Name = "ComponentLink3URL"; Value = "http://www.onsemi.cn/pub_link/Collateral/2N6426-D.PDF"; VariantName = "[No Variations]"
Add component (AddParameter): Name = "DatasheetVersion"; Value = "Rev. 7"; VariantName = "[No Variations]"
Add component (AddParameter): Name = "fT Min (MHz)"; Value = "150"; VariantName = "[No Variations]"
Add component (AddParameter): Name = "IC Continuous (A)"; Value = "0.1"; VariantName = "[No Variations]"
Add component (AddParameter): Name = "Manufacturer"; Value = "On Semiconductor"; VariantName = "[No Variations]"
Add component (AddParameter): Name = "Mounting Technology"; Value = "Through Hole"; VariantName = "[No Variations]"
Add component (AddParameter): Name = "PackageDescription"; Value = "3-Pin Transistor Outline, Body 4.825 x 3.685 mm, Pitch 1.27 mm"; VariantName = "[No Variations]"
Add component (AddParameter): Name = "PackageReference"; Value = "TO-92-3-29-11_AM_SL"; VariantName = "[No Variations]"
Add component (AddParameter): Name = "PackageVersion"; Value = "Rev. AM"; VariantName = "[No Variations]"
Add component (AddParameter): Name = "Packing"; Value = "Bulk Box"; VariantName = "[No Variations]"
Add component (AddParameter): Name = "PartNumber"; Value = "BC547B"; VariantName = "[No Variations]"
Add component (AddParameter): Name = "Polarity"; Value = "NPN"; VariantName = "[No Variations]"
Add component (AddParameter): Name = "RoHS"; Value = "FALSE"; VariantName = "[No Variations]"
Added Component: Designator=R10(RESC2013X50X30LL20T20)
Add component (AddParameter): Name = "Manufacturer"; Value = "Vishay Dale"; VariantName = "[No Variations]"
Add component (AddParameter): Name = "Part Number"; Value = "CRCW08050000Z0EA"; VariantName = "[No Variations]"
Added Component: Designator=R11(RESC2013X50X30LL20T20)
Add component (AddParameter): Name = "Manufacturer"; Value = "Vishay Dale"; VariantName = "[No Variations]"
Add component (AddParameter): Name = "Part Number"; Value = "CRCW08050000Z0EA"; VariantName = "[No Variations]"
Added Pin To Net: NetName=NetQ1_1 Pin=R1-1
Added Pin To Net: NetName=I2C0_SDA Pin=R3-1
Added Pin To Net: NetName=I2C0_SCL Pin=R4-1
Added Pin To Net: NetName=VCC Pin=R4-2
Added Pin To Net: NetName=NetQ1_2 Pin=R5-1
Added Pin To Net: NetName=LED_DATA Pin=R5-2
Added Pin To Net: NetName=GND Pin=R6-1
Added Pin To Net: NetName=DHT11_Data Pin=R7-2
Added Pin To Net: NetName=GND Pin=R8-1
Added Pin To Net: NetName=GND Pin=R11-1
Added Pin To Net: NetName=SENSOR_I/O Pin=R11-2
Added Pin To Net: NetName=O3Serial_Tx Pin=U3-14
Added Pin To Net: NetName=VCC Pin=U3-16
Added Pin To Net: NetName=UART_TX Pin=U3-21
Added Pin To Net: NetName=UART_RX Pin=U3-23
Change Net Name : Old Net Name=JTAG_RST New Net Name=RST
Added Pin To Net: NetName=DTR Pin=Q3-1
Added Pin To Net: NetName=DTR Pin=R9-2
Added Pin To Net: NetName=DTR Pin=U7-2
Added Net: Name=DTR
Added Pin To Net: NetName=GPIO0 Pin=Q3-3
Added Pin To Net: NetName=GPIO0 Pin=U3-34
Added Net: Name=GPIO0
Added Pin To Net: NetName=NetQ2_2 Pin=Q2-2
Added Pin To Net: NetName=NetQ2_2 Pin=R9-1
Added Net: Name=NetQ2_2
Added Pin To Net: NetName=NetQ3_2 Pin=Q3-2
Added Pin To Net: NetName=NetQ3_2 Pin=R10-1
Added Net: Name=NetQ3_2
Added Pin To Net: NetName=NetR2_1 Pin=R2-1
Added Pin To Net: NetName=NetR2_1 Pin=U1-7
Added Net: Name=NetR2_1
Added Pin To Net: NetName=NetR7_1 Pin=R7-1
Added Pin To Net: NetName=NetR7_1 Pin=U4-2
Added Net: Name=NetR7_1
Added Pin To Net: NetName=RTS Pin=Q2-3
Added Pin To Net: NetName=RTS Pin=R10-2
Added Pin To Net: NetName=RTS Pin=U7-3
Added Net: Name=RTS
Added Member To Class: ClassName=HAQuDa_schematic Member=Component Q2 S8050(NPN)
Added Member To Class: ClassName=HAQuDa_schematic Member=Component Q3 S8050(NPN)
Added Member To Class: ClassName=HAQuDa_schematic Member=Component R10 12K
Added Member To Class: ClassName=HAQuDa_schematic Member=Component R11 4.7K
