Added Component: Designator=U3(ESP32_MINI)
Added Pin To Net: NetName=GND Pin=U3-1
Added Pin To Net: NetName=JTAG_RST Pin=U3-2
Added Pin To Net: NetName=LED_DATA Pin=U3-4
Added Pin To Net: NetName=SENSOR_I/O Pin=U3-6
Added Pin To Net: NetName=CCS811_WAK Pin=U3-9
Added Pin To Net: NetName=O3_DAC Pin=U3-11
Added Pin To Net: NetName=JTAG_TMS Pin=U3-13
Added Pin To Net: NetName=UART_TX Pin=U3-17
Added Pin To Net: NetName=JTAG_TCK Pin=U3-18
Added Pin To Net: NetName=UART_RX Pin=U3-20
Added Pin To Net: NetName=GND Pin=U3-22
Added Pin To Net: NetName=I2C0_SCL Pin=U3-25
Added Pin To Net: NetName=I2C0_SDA Pin=U3-27
Added Pin To Net: NetName=DHT11_Data Pin=U3-28
Added Pin To Net: NetName=PMSerial_Rx Pin=U3-29
Added Pin To Net: NetName=JTAG_TDI Pin=U3-30
Added Pin To Net: NetName=PMSerial_Tx Pin=U3-31
Added Pin To Net: NetName=O3Serial_Tx Pin=U3-34
Added Pin To Net: NetName=+5V Pin=U3-35
Added Pin To Net: NetName=O3Serial_Rx Pin=U3-36
Added Pin To Net: NetName=JTAG_TDO Pin=U3-37
Added Member To Class: ClassName=HAQuDa_schematic Member=Component U3 ESP-32 MINI
