Added Component: Designator=C10(CAPC2013X70X45NL10T25)
Add component (AddParameter): Name = "Manufacturer"; Value = "Murata"; VariantName = "[No Variations]"
Add component (AddParameter): Name = "Part Number"; Value = "GRM216R61E105KA12D"; VariantName = "[No Variations]"
Added Component: Designator=C11(CAPC2013X70X45NL10T25)
Add component (AddParameter): Name = "Manufacturer"; Value = "Murata"; VariantName = "[No Variations]"
Add component (AddParameter): Name = "Part Number"; Value = "GRM216R61E105KA12D"; VariantName = "[No Variations]"
Added Component: Designator=U9(SOT-223_L)
Add component (AddParameter): Name = "ComponentLink1Description"; Value = "Manufacturer URL"; VariantName = "[No Variations]"
Add component (AddParameter): Name = "ComponentLink1URL"; Value = "http://www.st.com"; VariantName = "[No Variations]"
Add component (AddParameter): Name = "ComponentLink2Description"; Value = "Datasheet"; VariantName = "[No Variations]"
Add component (AddParameter): Name = "ComponentLink2URL"; Value = "http://www.st.com/internet/com/TECHNICAL_RESOURCES/TECHNICAL_LITERATURE/DATASHEET/CD00000544.pdf"; VariantName = "[No Variations]"
Add component (AddParameter): Name = "DatasheetVersion"; Value = "1/11/2011"; VariantName = "[No Variations]"
Add component (AddParameter): Name = "PackageDescription"; Value = "4-Pin SOT-223 Package, 6.5 x 3.5 mm Body, 2.3 mm Pitch, 7 mm Lead Span"; VariantName = "[No Variations]"
Add component (AddParameter): Name = "PackageReference"; Value = "SOT-223"; VariantName = "[No Variations]"
Add component (AddParameter): Name = "PackageVersion"; Value = "2010"; VariantName = "[No Variations]"
Added Pin To Net: NetName=GND Pin=C10-1
Added Pin To Net: NetName=+5V Pin=C10-2
Added Pin To Net: NetName=GND Pin=C11-1
Added Pin To Net: NetName=VCC Pin=C11-2
Added Pin To Net: NetName=GND Pin=U9-1
Added Pin To Net: NetName=VCC Pin=U9-2
Added Pin To Net: NetName=+5V Pin=U9-3
Added Pin To Net: NetName=VCC Pin=U9-4
Added Member To Class: ClassName=HAQuDa_schematic Member=Component C10 100nF
Added Member To Class: ClassName=HAQuDa_schematic Member=Component C11 10uF
Added Member To Class: ClassName=HAQuDa_schematic Member=Component U9 LD1117S33TR
